2017-02-16 09:18:24,102 [1] INFO  -  Servers.JobServer.Master.Start: 启动服务
2017-02-16 09:18:24,252 [1] INFO  - Starting Hangfire Server
2017-02-16 09:18:24,253 [1] INFO  - Using job storage: 'redis://127.0.0.1:6379/0'
2017-02-16 09:18:24,254 [1] INFO  - Using the following options for Redis job storage:
2017-02-16 09:18:24,254 [1] INFO  - ConnectionString: 127.0.0.1:6379
DN: 0
2017-02-16 09:18:24,255 [1] INFO  - Using the following options for Hangfire Server:
2017-02-16 09:18:24,255 [1] INFO  -     Worker count: 20
2017-02-16 09:18:24,255 [1] INFO  -     Listening queues: 'default'
2017-02-16 09:18:24,256 [1] INFO  -     Shutdown timeout: 00:00:15
2017-02-16 09:18:24,256 [1] INFO  -     Schedule polling interval: 00:00:15
2017-02-16 09:18:24,265 [BackgroundProcessingServer] DEBUG - Background process 'BackgroundProcessingServer' started.
2017-02-16 09:18:24,291 [ServerHeartbeat] DEBUG - Background process 'ServerHeartbeat' started.
2017-02-16 09:18:24,291 [ServerWatchdog] DEBUG - Background process 'ServerWatchdog' started.
2017-02-16 09:18:24,292 [Hangfire.Redis.FetchedJobsWatcher] DEBUG - Background process 'Hangfire.Redis.FetchedJobsWatcher' started.
2017-02-16 09:18:24,296 [Worker #5774790f] DEBUG - Background process 'Worker #5774790f' started.
2017-02-16 09:18:24,294 [Hangfire.Redis.RedisSubscription] DEBUG - Background process 'Hangfire.Redis.RedisSubscription' started.
2017-02-16 09:18:24,298 [Worker #5e269cc0] DEBUG - Background process 'Worker #5e269cc0' started.
2017-02-16 09:18:24,301 [Worker #e6eec196] DEBUG - Background process 'Worker #e6eec196' started.
2017-02-16 09:18:24,305 [Hangfire.Redis.FetchedJobsWatcher] DEBUG - Acquiring the lock for the fetched list of the 'default' queue...
2017-02-16 09:18:24,306 [Worker #35e9bad9] DEBUG - Background process 'Worker #35e9bad9' started.
2017-02-16 09:18:24,299 [Worker #57c88c3c] DEBUG - Background process 'Worker #57c88c3c' started.
2017-02-16 09:18:24,310 [ServerWatchdog] INFO  - 1 servers were removed due to timeout
2017-02-16 09:18:24,312 [Worker #a805772d] DEBUG - Background process 'Worker #a805772d' started.
2017-02-16 09:18:24,313 [Worker #775a19a3] DEBUG - Background process 'Worker #775a19a3' started.
2017-02-16 09:18:24,322 [Hangfire.Redis.FetchedJobsWatcher] DEBUG - Looking for timed out jobs in the 'default' queue...
2017-02-16 09:18:24,322 [Worker #5d1e5b66] DEBUG - Background process 'Worker #5d1e5b66' started.
2017-02-16 09:18:24,327 [Worker #d5287fc4] DEBUG - Background process 'Worker #d5287fc4' started.
2017-02-16 09:18:24,317 [Worker #57b8c07c] DEBUG - Background process 'Worker #57b8c07c' started.
2017-02-16 09:18:24,334 [Worker #a75042aa] DEBUG - Background process 'Worker #a75042aa' started.
2017-02-16 09:18:24,333 [Hangfire.Redis.FetchedJobsWatcher] DEBUG - No timed out jobs were found in the 'default' queue
2017-02-16 09:18:24,337 [Worker #2ecca714] DEBUG - Background process 'Worker #2ecca714' started.
2017-02-16 09:18:24,338 [Worker #8409fb5f] DEBUG - Background process 'Worker #8409fb5f' started.
2017-02-16 09:18:24,343 [Worker #b75436b6] DEBUG - Background process 'Worker #b75436b6' started.
2017-02-16 09:18:24,346 [Worker #37693de3] DEBUG - Background process 'Worker #37693de3' started.
2017-02-16 09:18:24,349 [Worker #c8f48b64] DEBUG - Background process 'Worker #c8f48b64' started.
2017-02-16 09:18:24,350 [Worker #61b70d36] DEBUG - Background process 'Worker #61b70d36' started.
2017-02-16 09:18:24,353 [Worker #bd9edcd2] DEBUG - Background process 'Worker #bd9edcd2' started.
2017-02-16 09:18:24,354 [Worker #dfe6e961] DEBUG - Background process 'Worker #dfe6e961' started.
2017-02-16 09:18:24,357 [Worker #f8d38031] DEBUG - Background process 'Worker #f8d38031' started.
2017-02-16 09:18:24,359 [DelayedJobScheduler] DEBUG - Background process 'DelayedJobScheduler' started.
2017-02-16 09:18:24,360 [RecurringJobScheduler] DEBUG - Background process 'RecurringJobScheduler' started.
2017-02-16 09:18:24,525 [Worker #e6eec196] WARN  - Failed to process the job '62832b8f-7724-442c-92ca-78dc01ade87e': an exception occurred. Retry attempt 1 of 10 will be performed in 00:00:21.
System.IO.FileNotFoundException: 未能加载文件或程序集“Services.Jobs.Simple, Version=1.0.0.0, Culture=neutral, PublicKeyToken=null”或它的某一个依赖项。系统找不到指定的文件。
文件名:“Services.Jobs.Simple, Version=1.0.0.0, Culture=neutral, PublicKeyToken=null”
   在 System.RuntimeTypeHandle.GetTypeByName(String name, Boolean throwOnError, Boolean ignoreCase, Boolean reflectionOnly, StackCrawlMarkHandle stackMark, IntPtr pPrivHostBinder, Boolean loadTypeFromPartialName, ObjectHandleOnStack type)
   在 System.RuntimeTypeHandle.GetTypeByName(String name, Boolean throwOnError, Boolean ignoreCase, Boolean reflectionOnly, StackCrawlMark& stackMark, IntPtr pPrivHostBinder, Boolean loadTypeFromPartialName)
   在 System.RuntimeType.GetType(String typeName, Boolean throwOnError, Boolean ignoreCase, Boolean reflectionOnly, StackCrawlMark& stackMark)
   在 System.Type.GetType(String typeName, Boolean throwOnError, Boolean ignoreCase)
   在 Hangfire.Storage.InvocationData.Deserialize()

警告: 程序集绑定日志记录被关闭。
要启用程序集绑定失败日志记录，请将注册表值 [HKLM\Software\Microsoft\Fusion!EnableLog] (DWORD)设置为 1。
注意: 会有一些与程序集绑定失败日志记录关联的性能损失。
要关闭此功能，请移除注册表值 [HKLM\Software\Microsoft\Fusion!EnableLog]。

2017-02-16 09:20:04,228 [1] INFO  -  Servers.JobServer.Master.Start: 启动服务
2017-02-16 09:20:04,359 [1] INFO  - Starting Hangfire Server
2017-02-16 09:20:04,360 [1] INFO  - Using job storage: 'redis://127.0.0.1:6379/0'
2017-02-16 09:20:04,361 [1] INFO  - Using the following options for Redis job storage:
2017-02-16 09:20:04,361 [1] INFO  - ConnectionString: 127.0.0.1:6379
DN: 0
2017-02-16 09:20:04,361 [1] INFO  - Using the following options for Hangfire Server:
2017-02-16 09:20:04,362 [1] INFO  -     Worker count: 20
2017-02-16 09:20:04,362 [1] INFO  -     Listening queues: 'default'
2017-02-16 09:20:04,362 [1] INFO  -     Shutdown timeout: 00:00:15
2017-02-16 09:20:04,363 [1] INFO  -     Schedule polling interval: 00:00:15
2017-02-16 09:20:04,371 [BackgroundProcessingServer] DEBUG - Background process 'BackgroundProcessingServer' started.
2017-02-16 09:20:04,397 [ServerHeartbeat] DEBUG - Background process 'ServerHeartbeat' started.
2017-02-16 09:20:04,397 [ServerWatchdog] DEBUG - Background process 'ServerWatchdog' started.
2017-02-16 09:20:04,398 [Hangfire.Redis.FetchedJobsWatcher] DEBUG - Background process 'Hangfire.Redis.FetchedJobsWatcher' started.
2017-02-16 09:20:04,409 [Hangfire.Redis.FetchedJobsWatcher] DEBUG - Acquiring the lock for the fetched list of the 'default' queue...
2017-02-16 09:20:04,410 [Hangfire.Redis.RedisSubscription] DEBUG - Background process 'Hangfire.Redis.RedisSubscription' started.
2017-02-16 09:20:04,415 [Hangfire.Redis.FetchedJobsWatcher] DEBUG - Looking for timed out jobs in the 'default' queue...
2017-02-16 09:20:04,419 [Worker #506b8bbb] DEBUG - Background process 'Worker #506b8bbb' started.
2017-02-16 09:20:04,420 [Hangfire.Redis.FetchedJobsWatcher] DEBUG - No timed out jobs were found in the 'default' queue
2017-02-16 09:20:04,422 [Worker #51ea6f8b] DEBUG - Background process 'Worker #51ea6f8b' started.
2017-02-16 09:20:04,424 [Worker #9c5d8c29] DEBUG - Background process 'Worker #9c5d8c29' started.
2017-02-16 09:20:04,436 [Worker #b5165096] DEBUG - Background process 'Worker #b5165096' started.
2017-02-16 09:20:04,435 [Worker #439571fe] DEBUG - Background process 'Worker #439571fe' started.
2017-02-16 09:20:04,416 [Worker #6aca188f] DEBUG - Background process 'Worker #6aca188f' started.
2017-02-16 09:20:04,440 [Worker #4306fcb8] DEBUG - Background process 'Worker #4306fcb8' started.
2017-02-16 09:20:04,443 [Worker #9efd5975] DEBUG - Background process 'Worker #9efd5975' started.
2017-02-16 09:20:04,445 [Worker #245e73bb] DEBUG - Background process 'Worker #245e73bb' started.
2017-02-16 09:20:04,444 [Worker #0ef6042d] DEBUG - Background process 'Worker #0ef6042d' started.
2017-02-16 09:20:04,449 [Worker #6383ff42] DEBUG - Background process 'Worker #6383ff42' started.
2017-02-16 09:20:04,451 [Worker #4a0bf067] DEBUG - Background process 'Worker #4a0bf067' started.
2017-02-16 09:20:04,452 [Worker #eca9f262] DEBUG - Background process 'Worker #eca9f262' started.
2017-02-16 09:20:04,453 [Worker #cb1edc96] DEBUG - Background process 'Worker #cb1edc96' started.
2017-02-16 09:20:04,455 [Worker #1efd724a] DEBUG - Background process 'Worker #1efd724a' started.
2017-02-16 09:20:04,457 [Worker #a5b3155c] DEBUG - Background process 'Worker #a5b3155c' started.
2017-02-16 09:20:04,458 [Worker #45b37a28] DEBUG - Background process 'Worker #45b37a28' started.
2017-02-16 09:20:04,460 [Worker #71ff5686] DEBUG - Background process 'Worker #71ff5686' started.
2017-02-16 09:20:04,458 [Worker #db42ce06] DEBUG - Background process 'Worker #db42ce06' started.
2017-02-16 09:20:04,461 [Worker #edec7b4a] DEBUG - Background process 'Worker #edec7b4a' started.
2017-02-16 09:20:04,467 [DelayedJobScheduler] DEBUG - Background process 'DelayedJobScheduler' started.
2017-02-16 09:20:04,470 [RecurringJobScheduler] DEBUG - Background process 'RecurringJobScheduler' started.
2017-02-16 09:20:04,590 [DelayedJobScheduler] INFO  - 1 scheduled job(s) enqueued.
2017-02-16 09:20:04,611 [Worker #edec7b4a] WARN  - Failed to process the job '62832b8f-7724-442c-92ca-78dc01ade87e': an exception occurred. Retry attempt 2 of 10 will be performed in 00:00:24.
System.MissingMethodException: 无法创建接口的实例。
   在 System.RuntimeTypeHandle.CreateInstance(RuntimeType type, Boolean publicOnly, Boolean noCheck, Boolean& canBeCached, RuntimeMethodHandleInternal& ctor, Boolean& bNeedSecurityCheck)
   在 System.RuntimeType.CreateInstanceSlow(Boolean publicOnly, Boolean skipCheckThis, Boolean fillCache, StackCrawlMark& stackMark)
   在 System.RuntimeType.CreateInstanceDefaultCtor(Boolean publicOnly, Boolean skipCheckThis, Boolean fillCache, StackCrawlMark& stackMark)
   在 System.Activator.CreateInstance(Type type, Boolean nonPublic)
   在 System.Activator.CreateInstance(Type type)
   在 Hangfire.JobActivator.ActivateJob(Type jobType)
   在 Hangfire.JobActivator.SimpleJobActivatorScope.Resolve(Type type)
   在 Hangfire.Server.CoreBackgroundJobPerformer.Perform(PerformContext context)
   在 Hangfire.Server.BackgroundJobPerformer.<>c__DisplayClass8_0.<PerformJobWithFilters>b__0()
   在 Hangfire.Server.BackgroundJobPerformer.InvokePerformFilter(IServerFilter filter, PerformingContext preContext, Func`1 continuation)
   在 Hangfire.Server.BackgroundJobPerformer.<>c__DisplayClass8_1.<PerformJobWithFilters>b__2()
   在 Hangfire.Server.BackgroundJobPerformer.PerformJobWithFilters(PerformContext context, IEnumerable`1 filters)
   在 Hangfire.Server.BackgroundJobPerformer.Perform(PerformContext context)
   在 Hangfire.Server.Worker.PerformJob(BackgroundProcessContext context, IStorageConnection connection, String jobId)
2017-02-16 09:20:34,603 [DelayedJobScheduler] INFO  - 1 scheduled job(s) enqueued.
2017-02-16 09:20:34,607 [Worker #edec7b4a] WARN  - Failed to process the job '62832b8f-7724-442c-92ca-78dc01ade87e': an exception occurred. Retry attempt 3 of 10 will be performed in 00:01:04.
System.MissingMethodException: 无法创建接口的实例。
   在 System.RuntimeTypeHandle.CreateInstance(RuntimeType type, Boolean publicOnly, Boolean noCheck, Boolean& canBeCached, RuntimeMethodHandleInternal& ctor, Boolean& bNeedSecurityCheck)
   在 System.RuntimeType.CreateInstanceSlow(Boolean publicOnly, Boolean skipCheckThis, Boolean fillCache, StackCrawlMark& stackMark)
   在 System.RuntimeType.CreateInstanceDefaultCtor(Boolean publicOnly, Boolean skipCheckThis, Boolean fillCache, StackCrawlMark& stackMark)
   在 System.Activator.CreateInstance(Type type, Boolean nonPublic)
   在 System.Activator.CreateInstance(Type type)
   在 Hangfire.JobActivator.ActivateJob(Type jobType)
   在 Hangfire.JobActivator.SimpleJobActivatorScope.Resolve(Type type)
   在 Hangfire.Server.CoreBackgroundJobPerformer.Perform(PerformContext context)
   在 Hangfire.Server.BackgroundJobPerformer.<>c__DisplayClass8_0.<PerformJobWithFilters>b__0()
   在 Hangfire.Server.BackgroundJobPerformer.InvokePerformFilter(IServerFilter filter, PerformingContext preContext, Func`1 continuation)
   在 Hangfire.Server.BackgroundJobPerformer.<>c__DisplayClass8_1.<PerformJobWithFilters>b__2()
   在 Hangfire.Server.BackgroundJobPerformer.PerformJobWithFilters(PerformContext context, IEnumerable`1 filters)
   在 Hangfire.Server.BackgroundJobPerformer.Perform(PerformContext context)
   在 Hangfire.Server.Worker.PerformJob(BackgroundProcessContext context, IStorageConnection connection, String jobId)
2017-02-16 09:23:14,828 [1] INFO  -  Servers.JobServer.Master.Start: 启动服务
2017-02-16 09:23:14,965 [1] INFO  - Starting Hangfire Server
2017-02-16 09:23:14,965 [1] INFO  - Using job storage: 'redis://127.0.0.1:6379/0'
2017-02-16 09:23:14,966 [1] INFO  - Using the following options for Redis job storage:
2017-02-16 09:23:14,966 [1] INFO  - ConnectionString: 127.0.0.1:6379
DN: 0
2017-02-16 09:23:14,967 [1] INFO  - Using the following options for Hangfire Server:
2017-02-16 09:23:14,967 [1] INFO  -     Worker count: 20
2017-02-16 09:23:14,967 [1] INFO  -     Listening queues: 'default'
2017-02-16 09:23:14,968 [1] INFO  -     Shutdown timeout: 00:00:15
2017-02-16 09:23:14,968 [1] INFO  -     Schedule polling interval: 00:00:15
2017-02-16 09:23:14,977 [BackgroundProcessingServer] DEBUG - Background process 'BackgroundProcessingServer' started.
2017-02-16 09:23:15,003 [ServerHeartbeat] DEBUG - Background process 'ServerHeartbeat' started.
2017-02-16 09:23:15,003 [ServerWatchdog] DEBUG - Background process 'ServerWatchdog' started.
2017-02-16 09:23:15,007 [Hangfire.Redis.RedisSubscription] DEBUG - Background process 'Hangfire.Redis.RedisSubscription' started.
2017-02-16 09:23:15,005 [Hangfire.Redis.FetchedJobsWatcher] DEBUG - Background process 'Hangfire.Redis.FetchedJobsWatcher' started.
2017-02-16 09:23:15,019 [Worker #90e30d8e] DEBUG - Background process 'Worker #90e30d8e' started.
2017-02-16 09:23:15,025 [Worker #c9b3b14e] DEBUG - Background process 'Worker #c9b3b14e' started.
2017-02-16 09:23:15,022 [Hangfire.Redis.FetchedJobsWatcher] DEBUG - Acquiring the lock for the fetched list of the 'default' queue...
2017-02-16 09:23:15,031 [Worker #4debec25] DEBUG - Background process 'Worker #4debec25' started.
2017-02-16 09:23:15,032 [Worker #aaa0ac6f] DEBUG - Background process 'Worker #aaa0ac6f' started.
2017-02-16 09:23:15,034 [Worker #67da5c79] DEBUG - Background process 'Worker #67da5c79' started.
2017-02-16 09:23:15,041 [Worker #df6b975d] DEBUG - Background process 'Worker #df6b975d' started.
2017-02-16 09:23:15,043 [Worker #b8cffebc] DEBUG - Background process 'Worker #b8cffebc' started.
2017-02-16 09:23:15,048 [Worker #865f4639] DEBUG - Background process 'Worker #865f4639' started.
2017-02-16 09:23:15,050 [Worker #11f279a1] DEBUG - Background process 'Worker #11f279a1' started.
2017-02-16 09:23:15,046 [Worker #3a09d08d] DEBUG - Background process 'Worker #3a09d08d' started.
2017-02-16 09:23:15,039 [Hangfire.Redis.FetchedJobsWatcher] DEBUG - Looking for timed out jobs in the 'default' queue...
2017-02-16 09:23:15,056 [Hangfire.Redis.FetchedJobsWatcher] DEBUG - No timed out jobs were found in the 'default' queue
2017-02-16 09:23:15,052 [Worker #273dbf84] DEBUG - Background process 'Worker #273dbf84' started.
2017-02-16 09:23:15,059 [Worker #aa7d62a3] DEBUG - Background process 'Worker #aa7d62a3' started.
2017-02-16 09:23:15,063 [Worker #55bae337] DEBUG - Background process 'Worker #55bae337' started.
2017-02-16 09:23:15,064 [Worker #b6a08e43] DEBUG - Background process 'Worker #b6a08e43' started.
2017-02-16 09:23:15,070 [Worker #bfcf4e5b] DEBUG - Background process 'Worker #bfcf4e5b' started.
2017-02-16 09:23:15,054 [Worker #1d0e5efb] DEBUG - Background process 'Worker #1d0e5efb' started.
2017-02-16 09:23:15,071 [Worker #5ee9a99c] DEBUG - Background process 'Worker #5ee9a99c' started.
2017-02-16 09:23:15,075 [Worker #9002b70b] DEBUG - Background process 'Worker #9002b70b' started.
2017-02-16 09:23:15,069 [Worker #af432277] DEBUG - Background process 'Worker #af432277' started.
2017-02-16 09:23:15,077 [Worker #7d22c731] DEBUG - Background process 'Worker #7d22c731' started.
2017-02-16 09:23:15,079 [RecurringJobScheduler] DEBUG - Background process 'RecurringJobScheduler' started.
2017-02-16 09:23:15,078 [DelayedJobScheduler] DEBUG - Background process 'DelayedJobScheduler' started.
2017-02-16 09:23:15,195 [DelayedJobScheduler] INFO  - 1 scheduled job(s) enqueued.
2017-02-16 09:23:15,217 [Worker #7d22c731] WARN  - Failed to process the job '62832b8f-7724-442c-92ca-78dc01ade87e': an exception occurred. Retry attempt 4 of 10 will be performed in 00:02:28.
System.MissingMethodException: 无法创建接口的实例。
   在 System.RuntimeTypeHandle.CreateInstance(RuntimeType type, Boolean publicOnly, Boolean noCheck, Boolean& canBeCached, RuntimeMethodHandleInternal& ctor, Boolean& bNeedSecurityCheck)
   在 System.RuntimeType.CreateInstanceSlow(Boolean publicOnly, Boolean skipCheckThis, Boolean fillCache, StackCrawlMark& stackMark)
   在 System.RuntimeType.CreateInstanceDefaultCtor(Boolean publicOnly, Boolean skipCheckThis, Boolean fillCache, StackCrawlMark& stackMark)
   在 System.Activator.CreateInstance(Type type, Boolean nonPublic)
   在 System.Activator.CreateInstance(Type type)
   在 Hangfire.JobActivator.ActivateJob(Type jobType)
   在 Hangfire.JobActivator.SimpleJobActivatorScope.Resolve(Type type)
   在 Hangfire.Server.CoreBackgroundJobPerformer.Perform(PerformContext context)
   在 Hangfire.Server.BackgroundJobPerformer.<>c__DisplayClass8_0.<PerformJobWithFilters>b__0()
   在 Hangfire.Server.BackgroundJobPerformer.InvokePerformFilter(IServerFilter filter, PerformingContext preContext, Func`1 continuation)
   在 Hangfire.Server.BackgroundJobPerformer.<>c__DisplayClass8_1.<PerformJobWithFilters>b__2()
   在 Hangfire.Server.BackgroundJobPerformer.PerformJobWithFilters(PerformContext context, IEnumerable`1 filters)
   在 Hangfire.Server.BackgroundJobPerformer.Perform(PerformContext context)
   在 Hangfire.Server.Worker.PerformJob(BackgroundProcessContext context, IStorageConnection connection, String jobId)
2017-02-16 09:26:12,608 [1] INFO  -  Servers.JobServer.Master.Start: 启动服务
2017-02-16 09:26:12,798 [1] INFO  - Starting Hangfire Server
2017-02-16 09:26:12,800 [1] INFO  - Using job storage: 'redis://127.0.0.1:6379/0'
2017-02-16 09:26:12,801 [1] INFO  - Using the following options for Redis job storage:
2017-02-16 09:26:12,801 [1] INFO  - ConnectionString: 127.0.0.1:6379
DN: 0
2017-02-16 09:26:12,801 [1] INFO  - Using the following options for Hangfire Server:
2017-02-16 09:26:12,802 [1] INFO  -     Worker count: 20
2017-02-16 09:26:12,802 [1] INFO  -     Listening queues: 'default'
2017-02-16 09:26:12,802 [1] INFO  -     Shutdown timeout: 00:00:15
2017-02-16 09:26:12,803 [1] INFO  -     Schedule polling interval: 00:00:15
2017-02-16 09:26:12,812 [BackgroundProcessingServer] DEBUG - Background process 'BackgroundProcessingServer' started.
2017-02-16 09:26:12,837 [ServerHeartbeat] DEBUG - Background process 'ServerHeartbeat' started.
2017-02-16 09:26:12,838 [ServerWatchdog] DEBUG - Background process 'ServerWatchdog' started.
2017-02-16 09:26:12,842 [Hangfire.Redis.RedisSubscription] DEBUG - Background process 'Hangfire.Redis.RedisSubscription' started.
2017-02-16 09:26:12,847 [Hangfire.Redis.FetchedJobsWatcher] DEBUG - Background process 'Hangfire.Redis.FetchedJobsWatcher' started.
2017-02-16 09:26:12,851 [Worker #a1fec5cf] DEBUG - Background process 'Worker #a1fec5cf' started.
2017-02-16 09:26:12,853 [Worker #7e544490] DEBUG - Background process 'Worker #7e544490' started.
2017-02-16 09:26:12,852 [Worker #a22eb3ce] DEBUG - Background process 'Worker #a22eb3ce' started.
2017-02-16 09:26:12,858 [Hangfire.Redis.FetchedJobsWatcher] DEBUG - Acquiring the lock for the fetched list of the 'default' queue...
2017-02-16 09:26:12,848 [Worker #dbafa16c] DEBUG - Background process 'Worker #dbafa16c' started.
2017-02-16 09:26:12,860 [Worker #e9dac6c3] DEBUG - Background process 'Worker #e9dac6c3' started.
2017-02-16 09:26:12,854 [ServerWatchdog] INFO  - 2 servers were removed due to timeout
2017-02-16 09:26:12,873 [Worker #1a3ce1d7] DEBUG - Background process 'Worker #1a3ce1d7' started.
2017-02-16 09:26:12,875 [Worker #0e063d47] DEBUG - Background process 'Worker #0e063d47' started.
2017-02-16 09:26:12,881 [Worker #e575bd13] DEBUG - Background process 'Worker #e575bd13' started.
2017-02-16 09:26:12,884 [Worker #3fcb8d2a] DEBUG - Background process 'Worker #3fcb8d2a' started.
2017-02-16 09:26:12,878 [Worker #51fb2243] DEBUG - Background process 'Worker #51fb2243' started.
2017-02-16 09:26:12,879 [Worker #adc7aba1] DEBUG - Background process 'Worker #adc7aba1' started.
2017-02-16 09:26:12,875 [Hangfire.Redis.FetchedJobsWatcher] DEBUG - Looking for timed out jobs in the 'default' queue...
2017-02-16 09:26:12,881 [Worker #7f9056e1] DEBUG - Background process 'Worker #7f9056e1' started.
2017-02-16 09:26:12,888 [Worker #c8dbec99] DEBUG - Background process 'Worker #c8dbec99' started.
2017-02-16 09:26:12,888 [Worker #4a3554fd] DEBUG - Background process 'Worker #4a3554fd' started.
2017-02-16 09:26:12,896 [Worker #11900ad9] DEBUG - Background process 'Worker #11900ad9' started.
2017-02-16 09:26:12,892 [Hangfire.Redis.FetchedJobsWatcher] DEBUG - No timed out jobs were found in the 'default' queue
2017-02-16 09:26:12,890 [Worker #053ec400] DEBUG - Background process 'Worker #053ec400' started.
2017-02-16 09:26:12,899 [Worker #211b1b05] DEBUG - Background process 'Worker #211b1b05' started.
2017-02-16 09:26:12,894 [Worker #b8668345] DEBUG - Background process 'Worker #b8668345' started.
2017-02-16 09:26:12,886 [Worker #1cb0b459] DEBUG - Background process 'Worker #1cb0b459' started.
2017-02-16 09:26:12,895 [Worker #a72f6961] DEBUG - Background process 'Worker #a72f6961' started.
2017-02-16 09:26:12,903 [RecurringJobScheduler] DEBUG - Background process 'RecurringJobScheduler' started.
2017-02-16 09:26:12,901 [DelayedJobScheduler] DEBUG - Background process 'DelayedJobScheduler' started.
2017-02-16 09:26:13,027 [DelayedJobScheduler] INFO  - 1 scheduled job(s) enqueued.
2017-02-16 09:48:21,412 [1] INFO  -  Servers.JobServer.Master.Start: 启动服务
2017-02-16 09:48:21,614 [1] INFO  - Starting Hangfire Server
2017-02-16 09:48:21,616 [1] INFO  - Using job storage: 'redis://127.0.0.1:6379/0'
2017-02-16 09:48:21,617 [1] INFO  - Using the following options for Redis job storage:
2017-02-16 09:48:21,617 [1] INFO  - ConnectionString: 127.0.0.1:6379
DN: 0
2017-02-16 09:48:21,617 [1] INFO  - Using the following options for Hangfire Server:
2017-02-16 09:48:21,618 [1] INFO  -     Worker count: 20
2017-02-16 09:48:21,618 [1] INFO  -     Listening queues: 'default'
2017-02-16 09:48:21,618 [1] INFO  -     Shutdown timeout: 00:00:15
2017-02-16 09:48:21,619 [1] INFO  -     Schedule polling interval: 00:00:15
2017-02-16 09:48:21,628 [BackgroundProcessingServer] DEBUG - Background process 'BackgroundProcessingServer' started.
2017-02-16 09:48:21,653 [ServerHeartbeat] DEBUG - Background process 'ServerHeartbeat' started.
2017-02-16 09:48:21,653 [ServerWatchdog] DEBUG - Background process 'ServerWatchdog' started.
2017-02-16 09:48:21,655 [Hangfire.Redis.FetchedJobsWatcher] DEBUG - Background process 'Hangfire.Redis.FetchedJobsWatcher' started.
2017-02-16 09:48:21,657 [Worker #f523df19] DEBUG - Background process 'Worker #f523df19' started.
2017-02-16 09:48:21,656 [Hangfire.Redis.RedisSubscription] DEBUG - Background process 'Hangfire.Redis.RedisSubscription' started.
2017-02-16 09:48:21,662 [Worker #97c0d245] DEBUG - Background process 'Worker #97c0d245' started.
2017-02-16 09:48:21,664 [Worker #999e32e3] DEBUG - Background process 'Worker #999e32e3' started.
2017-02-16 09:48:21,666 [Worker #47ebfd21] DEBUG - Background process 'Worker #47ebfd21' started.
2017-02-16 09:48:21,659 [Worker #6712d5b2] DEBUG - Background process 'Worker #6712d5b2' started.
2017-02-16 09:48:21,673 [Worker #abf24583] DEBUG - Background process 'Worker #abf24583' started.
2017-02-16 09:48:21,675 [Worker #baac32cd] DEBUG - Background process 'Worker #baac32cd' started.
2017-02-16 09:48:21,672 [Hangfire.Redis.FetchedJobsWatcher] DEBUG - Acquiring the lock for the fetched list of the 'default' queue...
2017-02-16 09:48:21,679 [Worker #7db9c054] DEBUG - Background process 'Worker #7db9c054' started.
2017-02-16 09:48:21,687 [Worker #49dc6af4] DEBUG - Background process 'Worker #49dc6af4' started.
2017-02-16 09:48:21,688 [ServerWatchdog] INFO  - 2 servers were removed due to timeout
2017-02-16 09:48:21,689 [Worker #3508b5c3] DEBUG - Background process 'Worker #3508b5c3' started.
2017-02-16 09:48:21,692 [Worker #4d636ddf] DEBUG - Background process 'Worker #4d636ddf' started.
2017-02-16 09:48:21,694 [Worker #778890e2] DEBUG - Background process 'Worker #778890e2' started.
2017-02-16 09:48:21,699 [Worker #7deafc8e] DEBUG - Background process 'Worker #7deafc8e' started.
2017-02-16 09:48:21,703 [Worker #8214ff53] DEBUG - Background process 'Worker #8214ff53' started.
2017-02-16 09:48:21,696 [Worker #36ea89de] DEBUG - Background process 'Worker #36ea89de' started.
2017-02-16 09:48:21,683 [Worker #86898a1f] DEBUG - Background process 'Worker #86898a1f' started.
2017-02-16 09:48:21,717 [Worker #3d2697e5] DEBUG - Background process 'Worker #3d2697e5' started.
2017-02-16 09:48:21,717 [Hangfire.Redis.FetchedJobsWatcher] DEBUG - Looking for timed out jobs in the 'default' queue...
2017-02-16 09:48:21,720 [Worker #4adedbd6] DEBUG - Background process 'Worker #4adedbd6' started.
2017-02-16 09:48:21,723 [Worker #66f3dd57] DEBUG - Background process 'Worker #66f3dd57' started.
2017-02-16 09:48:21,730 [Worker #1421c5a6] DEBUG - Background process 'Worker #1421c5a6' started.
2017-02-16 09:48:21,732 [DelayedJobScheduler] DEBUG - Background process 'DelayedJobScheduler' started.
2017-02-16 09:48:21,737 [RecurringJobScheduler] DEBUG - Background process 'RecurringJobScheduler' started.
2017-02-16 09:48:21,745 [Hangfire.Redis.FetchedJobsWatcher] DEBUG - No timed out jobs were found in the 'default' queue
2017-02-16 09:49:21,759 [Hangfire.Redis.FetchedJobsWatcher] DEBUG - Acquiring the lock for the fetched list of the 'default' queue...
2017-02-16 09:49:21,768 [Hangfire.Redis.FetchedJobsWatcher] DEBUG - Looking for timed out jobs in the 'default' queue...
2017-02-16 09:49:21,774 [Hangfire.Redis.FetchedJobsWatcher] DEBUG - No timed out jobs were found in the 'default' queue
2017-02-16 09:50:21,782 [Hangfire.Redis.FetchedJobsWatcher] DEBUG - Acquiring the lock for the fetched list of the 'default' queue...
2017-02-16 09:50:21,786 [Hangfire.Redis.FetchedJobsWatcher] DEBUG - Looking for timed out jobs in the 'default' queue...
2017-02-16 09:50:21,789 [Hangfire.Redis.FetchedJobsWatcher] DEBUG - No timed out jobs were found in the 'default' queue
2017-02-16 14:44:19,479 [1] INFO  -  Servers.JobServer.Master.Start: 启动服务
2017-02-16 14:44:19,644 [1] INFO  - Starting Hangfire Server
2017-02-16 14:44:19,645 [1] INFO  - Using job storage: 'redis://127.0.0.1:6379/0'
2017-02-16 14:44:19,645 [1] INFO  - Using the following options for Redis job storage:
2017-02-16 14:44:19,646 [1] INFO  - ConnectionString: 127.0.0.1:6379
DN: 0
2017-02-16 14:44:19,646 [1] INFO  - Using the following options for Hangfire Server:
2017-02-16 14:44:19,646 [1] INFO  -     Worker count: 20
2017-02-16 14:44:19,647 [1] INFO  -     Listening queues: 'default'
2017-02-16 14:44:19,647 [1] INFO  -     Shutdown timeout: 00:00:15
2017-02-16 14:44:19,647 [1] INFO  -     Schedule polling interval: 00:00:15
2017-02-16 14:44:19,656 [BackgroundProcessingServer] DEBUG - Background process 'BackgroundProcessingServer' started.
2017-02-16 14:44:19,681 [ServerHeartbeat] DEBUG - Background process 'ServerHeartbeat' started.
2017-02-16 14:44:19,682 [ServerWatchdog] DEBUG - Background process 'ServerWatchdog' started.
2017-02-16 14:44:19,690 [Hangfire.Redis.FetchedJobsWatcher] DEBUG - Background process 'Hangfire.Redis.FetchedJobsWatcher' started.
2017-02-16 14:44:19,697 [Hangfire.Redis.FetchedJobsWatcher] DEBUG - Acquiring the lock for the fetched list of the 'default' queue...
2017-02-16 14:44:19,699 [Worker #7fec9714] DEBUG - Background process 'Worker #7fec9714' started.
2017-02-16 14:44:19,706 [Hangfire.Redis.RedisSubscription] DEBUG - Background process 'Hangfire.Redis.RedisSubscription' started.
2017-02-16 14:44:19,704 [Hangfire.Redis.FetchedJobsWatcher] DEBUG - Looking for timed out jobs in the 'default' queue...
2017-02-16 14:44:19,701 [ServerWatchdog] INFO  - 1 servers were removed due to timeout
2017-02-16 14:44:19,716 [Worker #c2d5487b] DEBUG - Background process 'Worker #c2d5487b' started.
2017-02-16 14:44:19,728 [Hangfire.Redis.FetchedJobsWatcher] DEBUG - No timed out jobs were found in the 'default' queue
2017-02-16 14:44:19,733 [Worker #e699dd8f] DEBUG - Background process 'Worker #e699dd8f' started.
2017-02-16 14:44:19,737 [Worker #1e2cbfdc] DEBUG - Background process 'Worker #1e2cbfdc' started.
2017-02-16 14:44:19,739 [Worker #776a04c2] DEBUG - Background process 'Worker #776a04c2' started.
2017-02-16 14:44:19,746 [Worker #bf7de8c8] DEBUG - Background process 'Worker #bf7de8c8' started.
2017-02-16 14:44:19,749 [Worker #72a01247] DEBUG - Background process 'Worker #72a01247' started.
2017-02-16 14:44:19,757 [Worker #7a6e8ba3] DEBUG - Background process 'Worker #7a6e8ba3' started.
2017-02-16 14:44:19,764 [Worker #87511a79] DEBUG - Background process 'Worker #87511a79' started.
2017-02-16 14:44:19,782 [Worker #b618011b] DEBUG - Background process 'Worker #b618011b' started.
2017-02-16 14:44:19,787 [Worker #c8c21887] DEBUG - Background process 'Worker #c8c21887' started.
2017-02-16 14:44:19,796 [Worker #34b7ed8a] DEBUG - Background process 'Worker #34b7ed8a' started.
2017-02-16 14:44:19,799 [Worker #294e5c63] DEBUG - Background process 'Worker #294e5c63' started.
2017-02-16 14:44:19,802 [Worker #856ea653] DEBUG - Background process 'Worker #856ea653' started.
2017-02-16 14:44:19,807 [Worker #80c2468e] DEBUG - Background process 'Worker #80c2468e' started.
2017-02-16 14:44:19,812 [Worker #b9a159bf] DEBUG - Background process 'Worker #b9a159bf' started.
2017-02-16 14:44:19,817 [Worker #aaeb4c98] DEBUG - Background process 'Worker #aaeb4c98' started.
2017-02-16 14:44:19,820 [Worker #b1de45e0] DEBUG - Background process 'Worker #b1de45e0' started.
2017-02-16 14:44:19,825 [Worker #783f6e75] DEBUG - Background process 'Worker #783f6e75' started.
2017-02-16 14:44:19,829 [Worker #2d297ea0] DEBUG - Background process 'Worker #2d297ea0' started.
2017-02-16 14:44:19,848 [RecurringJobScheduler] DEBUG - Background process 'RecurringJobScheduler' started.
2017-02-16 14:44:19,857 [DelayedJobScheduler] DEBUG - Background process 'DelayedJobScheduler' started.
2017-02-16 14:45:19,739 [Hangfire.Redis.FetchedJobsWatcher] DEBUG - Acquiring the lock for the fetched list of the 'default' queue...
2017-02-16 14:45:19,746 [Hangfire.Redis.FetchedJobsWatcher] DEBUG - Looking for timed out jobs in the 'default' queue...
2017-02-16 14:45:19,750 [Hangfire.Redis.FetchedJobsWatcher] DEBUG - No timed out jobs were found in the 'default' queue
2017-02-16 14:46:23,572 [9] INFO  -  Servers.JobServer.Master.Start: 启动服务
2017-02-16 14:46:23,971 [9] INFO  - Starting Hangfire Server
2017-02-16 14:46:23,972 [9] INFO  - Using job storage: 'redis://127.0.0.1:6379/0'
2017-02-16 14:46:23,972 [9] INFO  - Using the following options for Redis job storage:
2017-02-16 14:46:23,973 [9] INFO  - ConnectionString: 127.0.0.1:6379
DN: 0
2017-02-16 14:46:23,974 [9] INFO  - Using the following options for Hangfire Server:
2017-02-16 14:46:23,975 [9] INFO  -     Worker count: 20
2017-02-16 14:46:23,975 [9] INFO  -     Listening queues: 'default'
2017-02-16 14:46:23,975 [9] INFO  -     Shutdown timeout: 00:00:15
2017-02-16 14:46:23,976 [9] INFO  -     Schedule polling interval: 00:00:15
2017-02-16 14:46:24,000 [BackgroundProcessingServer] DEBUG - Background process 'BackgroundProcessingServer' started.
2017-02-16 14:46:24,031 [ServerHeartbeat] DEBUG - Background process 'ServerHeartbeat' started.
2017-02-16 14:46:24,045 [Hangfire.Redis.FetchedJobsWatcher] DEBUG - Background process 'Hangfire.Redis.FetchedJobsWatcher' started.
2017-02-16 14:46:24,046 [ServerWatchdog] DEBUG - Background process 'ServerWatchdog' started.
2017-02-16 14:46:24,064 [Hangfire.Redis.RedisSubscription] DEBUG - Background process 'Hangfire.Redis.RedisSubscription' started.
2017-02-16 14:46:24,065 [Hangfire.Redis.FetchedJobsWatcher] DEBUG - Acquiring the lock for the fetched list of the 'default' queue...
2017-02-16 14:46:24,072 [Worker #d2bd1db5] DEBUG - Background process 'Worker #d2bd1db5' started.
2017-02-16 14:46:24,072 [Hangfire.Redis.FetchedJobsWatcher] DEBUG - Looking for timed out jobs in the 'default' queue...
2017-02-16 14:46:24,079 [Hangfire.Redis.FetchedJobsWatcher] DEBUG - No timed out jobs were found in the 'default' queue
2017-02-16 14:46:24,095 [Worker #d08889b6] DEBUG - Background process 'Worker #d08889b6' started.
2017-02-16 14:46:24,095 [Worker #0d11d9ce] DEBUG - Background process 'Worker #0d11d9ce' started.
2017-02-16 14:46:24,098 [Worker #630c71fe] DEBUG - Background process 'Worker #630c71fe' started.
2017-02-16 14:46:24,103 [Worker #443d88ca] DEBUG - Background process 'Worker #443d88ca' started.
2017-02-16 14:46:24,104 [Worker #75cc478a] DEBUG - Background process 'Worker #75cc478a' started.
2017-02-16 14:46:24,107 [Worker #bdd313dc] DEBUG - Background process 'Worker #bdd313dc' started.
2017-02-16 14:46:24,108 [Worker #62d8bb71] DEBUG - Background process 'Worker #62d8bb71' started.
2017-02-16 14:46:24,111 [Worker #426a0f30] DEBUG - Background process 'Worker #426a0f30' started.
2017-02-16 14:46:24,113 [Worker #9a954b54] DEBUG - Background process 'Worker #9a954b54' started.
2017-02-16 14:46:24,115 [Worker #d767d39c] DEBUG - Background process 'Worker #d767d39c' started.
2017-02-16 14:46:24,118 [Worker #96bf9bf3] DEBUG - Background process 'Worker #96bf9bf3' started.
2017-02-16 14:46:24,122 [Worker #0914a1aa] DEBUG - Background process 'Worker #0914a1aa' started.
2017-02-16 14:46:24,136 [Worker #303d032e] DEBUG - Background process 'Worker #303d032e' started.
2017-02-16 14:46:24,136 [Worker #dbb55d37] DEBUG - Background process 'Worker #dbb55d37' started.
2017-02-16 14:46:24,144 [Worker #b169ad76] DEBUG - Background process 'Worker #b169ad76' started.
2017-02-16 14:46:24,149 [Worker #48c9695e] DEBUG - Background process 'Worker #48c9695e' started.
2017-02-16 14:46:24,155 [Worker #3b4f4f71] DEBUG - Background process 'Worker #3b4f4f71' started.
2017-02-16 14:46:24,164 [Worker #b15ac4db] DEBUG - Background process 'Worker #b15ac4db' started.
2017-02-16 14:46:24,173 [Worker #016b46c5] DEBUG - Background process 'Worker #016b46c5' started.
2017-02-16 14:46:24,176 [DelayedJobScheduler] DEBUG - Background process 'DelayedJobScheduler' started.
2017-02-16 14:46:24,198 [RecurringJobScheduler] DEBUG - Background process 'RecurringJobScheduler' started.
2017-02-16 14:47:24,089 [Hangfire.Redis.FetchedJobsWatcher] DEBUG - Acquiring the lock for the fetched list of the 'default' queue...
2017-02-16 14:47:24,091 [Hangfire.Redis.FetchedJobsWatcher] DEBUG - Looking for timed out jobs in the 'default' queue...
2017-02-16 14:47:24,093 [Hangfire.Redis.FetchedJobsWatcher] DEBUG - No timed out jobs were found in the 'default' queue
2017-02-16 14:48:24,096 [Hangfire.Redis.FetchedJobsWatcher] DEBUG - Acquiring the lock for the fetched list of the 'default' queue...
2017-02-16 14:48:24,097 [Hangfire.Redis.FetchedJobsWatcher] DEBUG - Looking for timed out jobs in the 'default' queue...
2017-02-16 14:48:24,101 [Hangfire.Redis.FetchedJobsWatcher] DEBUG - No timed out jobs were found in the 'default' queue
2017-02-16 14:49:24,103 [Hangfire.Redis.FetchedJobsWatcher] DEBUG - Acquiring the lock for the fetched list of the 'default' queue...
2017-02-16 14:49:24,110 [Hangfire.Redis.FetchedJobsWatcher] DEBUG - Looking for timed out jobs in the 'default' queue...
2017-02-16 14:49:24,116 [Hangfire.Redis.FetchedJobsWatcher] DEBUG - No timed out jobs were found in the 'default' queue
2017-02-16 14:50:24,123 [Hangfire.Redis.FetchedJobsWatcher] DEBUG - Acquiring the lock for the fetched list of the 'default' queue...
2017-02-16 14:50:24,131 [Hangfire.Redis.FetchedJobsWatcher] DEBUG - Looking for timed out jobs in the 'default' queue...
2017-02-16 14:50:24,137 [Hangfire.Redis.FetchedJobsWatcher] DEBUG - No timed out jobs were found in the 'default' queue
2017-02-16 15:24:15,860 [9] INFO  -  Servers.JobServer.Master.Start: 启动服务
2017-02-16 15:24:16,185 [9] INFO  - Starting Hangfire Server
2017-02-16 15:24:16,185 [9] INFO  - Using job storage: 'redis://127.0.0.1:6379/0'
2017-02-16 15:24:16,186 [9] INFO  - Using the following options for Redis job storage:
2017-02-16 15:24:16,186 [9] INFO  - ConnectionString: 127.0.0.1:6379
DN: 0
2017-02-16 15:24:16,186 [9] INFO  - Using the following options for Hangfire Server:
2017-02-16 15:24:16,187 [9] INFO  -     Worker count: 20
2017-02-16 15:24:16,187 [9] INFO  -     Listening queues: 'default'
2017-02-16 15:24:16,187 [9] INFO  -     Shutdown timeout: 00:00:15
2017-02-16 15:24:16,188 [9] INFO  -     Schedule polling interval: 00:00:15
2017-02-16 15:24:16,198 [BackgroundProcessingServer] DEBUG - Background process 'BackgroundProcessingServer' started.
2017-02-16 15:24:16,253 [ServerHeartbeat] DEBUG - Background process 'ServerHeartbeat' started.
2017-02-16 15:24:16,253 [ServerWatchdog] DEBUG - Background process 'ServerWatchdog' started.
2017-02-16 15:24:16,262 [Hangfire.Redis.FetchedJobsWatcher] DEBUG - Background process 'Hangfire.Redis.FetchedJobsWatcher' started.
2017-02-16 15:24:16,279 [Hangfire.Redis.RedisSubscription] DEBUG - Background process 'Hangfire.Redis.RedisSubscription' started.
2017-02-16 15:24:16,279 [Hangfire.Redis.FetchedJobsWatcher] DEBUG - Acquiring the lock for the fetched list of the 'default' queue...
2017-02-16 15:24:16,287 [Hangfire.Redis.FetchedJobsWatcher] DEBUG - Looking for timed out jobs in the 'default' queue...
2017-02-16 15:24:16,290 [Hangfire.Redis.FetchedJobsWatcher] DEBUG - No timed out jobs were found in the 'default' queue
2017-02-16 15:24:16,297 [Worker #70cbbf40] DEBUG - Background process 'Worker #70cbbf40' started.
2017-02-16 15:24:16,300 [Worker #516f9fea] DEBUG - Background process 'Worker #516f9fea' started.
2017-02-16 15:24:16,302 [Worker #95706ddc] DEBUG - Background process 'Worker #95706ddc' started.
2017-02-16 15:24:16,317 [Worker #9dca2550] DEBUG - Background process 'Worker #9dca2550' started.
2017-02-16 15:24:16,332 [Worker #76e153be] DEBUG - Background process 'Worker #76e153be' started.
2017-02-16 15:24:16,346 [ServerWatchdog] INFO  - 2 servers were removed due to timeout
2017-02-16 15:24:16,353 [Worker #6b5daafd] DEBUG - Background process 'Worker #6b5daafd' started.
2017-02-16 15:24:16,353 [Worker #2b86343d] DEBUG - Background process 'Worker #2b86343d' started.
2017-02-16 15:24:16,371 [Worker #9db231bc] DEBUG - Background process 'Worker #9db231bc' started.
2017-02-16 15:24:16,386 [Worker #afba7d69] DEBUG - Background process 'Worker #afba7d69' started.
2017-02-16 15:24:16,386 [Worker #048f44ee] DEBUG - Background process 'Worker #048f44ee' started.
2017-02-16 15:24:16,406 [Worker #cade30a3] DEBUG - Background process 'Worker #cade30a3' started.
2017-02-16 15:24:16,421 [Worker #8f491149] DEBUG - Background process 'Worker #8f491149' started.
2017-02-16 15:24:16,425 [Worker #4c67cbac] DEBUG - Background process 'Worker #4c67cbac' started.
2017-02-16 15:24:16,429 [Worker #44e81d85] DEBUG - Background process 'Worker #44e81d85' started.
2017-02-16 15:24:16,436 [Worker #b887d8af] DEBUG - Background process 'Worker #b887d8af' started.
2017-02-16 15:24:16,439 [Worker #025dcb04] DEBUG - Background process 'Worker #025dcb04' started.
2017-02-16 15:24:16,443 [Worker #58d10f6a] DEBUG - Background process 'Worker #58d10f6a' started.
2017-02-16 15:24:16,451 [Worker #1ee263be] DEBUG - Background process 'Worker #1ee263be' started.
2017-02-16 15:24:16,457 [Worker #f2780c1d] DEBUG - Background process 'Worker #f2780c1d' started.
2017-02-16 15:24:16,464 [Worker #b28765a2] DEBUG - Background process 'Worker #b28765a2' started.
2017-02-16 15:24:16,472 [DelayedJobScheduler] DEBUG - Background process 'DelayedJobScheduler' started.
2017-02-16 15:24:16,472 [RecurringJobScheduler] DEBUG - Background process 'RecurringJobScheduler' started.
